<?xml version="1.0" encoding="UTF-8"?>
<!-- Generated by org.testng.reporters.JUnitReportReporter -->
<testsuite skipped="0" hostname="CO-IT005408" name="com.petstore.tests.ListAvailablePetsTest" tests="1" failures="0" timestamp="2025-03-10T20:48:37 COT" time="0.623" errors="0">
  <testcase name="listAvailablePets" time="0.623" classname="com.petstore.tests.ListAvailablePetsTest"/>
  <system-out/>
</testsuite> <!-- com.petstore.tests.ListAvailablePetsTest -->
